[2024-03-15 13:58:31] Текст ошибки: Возникла ошибочка! | Файл: D:\543\OSPanel\domains\ishop\public\index.php | Строка: 12
=================
[2024-03-15 13:59:09] Текст ошибки: Undefined variable $tertst | Файл: D:\543\OSPanel\domains\ishop\public\index.php | Строка: 14
=================
[2024-03-15 14:02:50] Текст ошибки: Undefined variable $tertst | Файл: D:\543\OSPanel\domains\ishop\public\index.php | Строка: 14
=================
[2024-03-15 14:02:53] Текст ошибки: Undefined variable $tertst | Файл: D:\543\OSPanel\domains\ishop\public\index.php | Строка: 14
=================
[2024-03-15 14:03:26] Текст ошибки: Возникла ошибочка! | Файл: D:\543\OSPanel\domains\ishop\public\index.php | Строка: 12
=================
[2024-03-15 14:03:29] Текст ошибки: Возникла ошибочка! | Файл: D:\543\OSPanel\domains\ishop\public\index.php | Строка: 12
=================
[2024-03-15 14:03:31] Текст ошибки: Возникла ошибочка! | Файл: D:\543\OSPanel\domains\ishop\public\index.php | Строка: 12
=================
[2024-03-15 14:04:10] Текст ошибки: Возникла ошибочка! | Файл: D:\543\OSPanel\domains\ishop\public\index.php | Строка: 12
=================
[2024-03-15 14:04:11] Текст ошибки: Возникла ошибочка! | Файл: D:\543\OSPanel\domains\ishop\public\index.php | Строка: 12
=================
[2024-03-15 14:04:13] Текст ошибки: Возникла ошибочка! | Файл: D:\543\OSPanel\domains\ishop\public\index.php | Строка: 12
=================
[2024-03-15 14:04:23] Текст ошибки: Возникла ошибочка! | Файл: D:\543\OSPanel\domains\ishop\public\index.php | Строка: 12
=================
[2024-03-15 14:05:49] Текст ошибки: Возникла ошибочка! | Файл: D:\543\OSPanel\domains\ishop\public\index.php | Строка: 12
=================
[2024-03-15 14:05:52] Текст ошибки: Возникла ошибочка! | Файл: D:\543\OSPanel\domains\ishop\public\index.php | Строка: 12
=================
[2024-03-15 14:05:53] Текст ошибки: Возникла ошибочка! | Файл: D:\543\OSPanel\domains\ishop\public\index.php | Строка: 12
=================
[2024-03-15 14:05:55] Текст ошибки: Возникла ошибочка! | Файл: D:\543\OSPanel\domains\ishop\public\index.php | Строка: 12
=================
[2024-03-15 14:09:48] Текст ошибки: Возникла ошибочка! | Файл: D:\543\OSPanel\domains\ishop\public\index.php | Строка: 12
=================
[2024-03-15 14:09:49] Текст ошибки: Возникла ошибочка! | Файл: D:\543\OSPanel\domains\ishop\public\index.php | Строка: 12
=================
[2024-03-15 14:09:51] Текст ошибки: Возникла ошибочка! | Файл: D:\543\OSPanel\domains\ishop\public\index.php | Строка: 12
=================
[2024-03-15 14:10:17] Текст ошибки: Возникла ошибочка! | Файл: D:\543\OSPanel\domains\ishop\public\index.php | Строка: 12
=================
[2024-03-15 14:10:18] Текст ошибки: Возникла ошибочка! | Файл: D:\543\OSPanel\domains\ishop\public\index.php | Строка: 12
=================
[2024-03-15 14:10:19] Текст ошибки: Возникла ошибочка! | Файл: D:\543\OSPanel\domains\ishop\public\index.php | Строка: 12
=================
[2024-03-15 14:10:31] Текст ошибки: Возникла ошибочка! | Файл: D:\543\OSPanel\domains\ishop\public\index.php | Строка: 12
=================
[2024-03-15 14:10:33] Текст ошибки: Возникла ошибочка! | Файл: D:\543\OSPanel\domains\ishop\public\index.php | Строка: 12
=================
[2024-03-15 14:10:34] Текст ошибки: Возникла ошибочка! | Файл: D:\543\OSPanel\domains\ishop\public\index.php | Строка: 12
=================
[2024-03-15 14:11:02] Текст ошибки: Возникла ошибочка! | Файл: D:\543\OSPanel\domains\ishop\public\index.php | Строка: 12
=================
[2024-03-15 14:11:03] Текст ошибки: Возникла ошибочка! | Файл: D:\543\OSPanel\domains\ishop\public\index.php | Строка: 12
=================
[2024-03-15 14:11:11] Текст ошибки: Возникла ошибочка! | Файл: D:\543\OSPanel\domains\ishop\public\index.php | Строка: 12
=================
[2024-03-15 14:11:12] Текст ошибки: Возникла ошибочка! | Файл: D:\543\OSPanel\domains\ishop\public\index.php | Строка: 12
=================
[2024-03-15 14:11:20] Текст ошибки: Возникла ошибочка! | Файл: D:\543\OSPanel\domains\ishop\public\index.php | Строка: 12
=================
[2024-03-15 14:11:21] Текст ошибки: Возникла ошибочка! | Файл: D:\543\OSPanel\domains\ishop\public\index.php | Строка: 12
=================
[2024-03-15 14:12:26] Текст ошибки: Возникла ошибочка! | Файл: D:\543\OSPanel\domains\ishop\public\index.php | Строка: 12
=================
[2024-03-15 14:12:27] Текст ошибки: Возникла ошибочка! | Файл: D:\543\OSPanel\domains\ishop\public\index.php | Строка: 12
=================
[2024-03-15 14:18:02] Текст ошибки: Возникла ошибочка! | Файл: D:\543\OSPanel\domains\ishop\public\index.php | Строка: 12
=================
[2024-03-15 14:18:03] Текст ошибки: Возникла ошибочка! | Файл: D:\543\OSPanel\domains\ishop\public\index.php | Строка: 12
=================
[2024-03-15 14:19:16] Текст ошибки: Возникла ошибочка! | Файл: D:\543\OSPanel\domains\ishop\public\index.php | Строка: 12
=================
[2024-03-15 14:19:17] Текст ошибки: Возникла ошибочка! | Файл: D:\543\OSPanel\domains\ishop\public\index.php | Строка: 12
=================
[2024-03-15 14:20:36] Текст ошибки: Возникла ошибочка! | Файл: D:\543\OSPanel\domains\ishop\public\index.php | Строка: 12
=================
[2024-03-15 14:20:41] Текст ошибки: Возникла ошибочка! | Файл: D:\543\OSPanel\domains\ishop\public\index.php | Строка: 12
=================
[2024-03-15 14:20:42] Текст ошибки: Возникла ошибочка! | Файл: D:\543\OSPanel\domains\ishop\public\index.php | Строка: 12
=================
[2024-03-15 14:20:50] Текст ошибки: Возникла ошибочка! | Файл: D:\543\OSPanel\domains\ishop\public\index.php | Строка: 12
=================
[2024-03-15 14:20:51] Текст ошибки: Возникла ошибочка! | Файл: D:\543\OSPanel\domains\ishop\public\index.php | Строка: 12
=================
[2024-03-15 14:21:02] Текст ошибки: Возникла ошибочка! | Файл: D:\543\OSPanel\domains\ishop\public\index.php | Строка: 12
=================
[2024-03-15 14:21:04] Текст ошибки: Возникла ошибочка! | Файл: D:\543\OSPanel\domains\ishop\public\index.php | Строка: 12
=================
[2024-03-15 14:23:03] Текст ошибки: Возникла ошибочка! | Файл: D:\543\OSPanel\domains\ishop\public\index.php | Строка: 12
=================
[2024-03-15 14:23:06] Текст ошибки: Возникла ошибочка! | Файл: D:\543\OSPanel\domains\ishop\public\index.php | Строка: 12
=================
[2024-03-15 14:23:08] Текст ошибки: Возникла ошибочка! | Файл: D:\543\OSPanel\domains\ishop\public\index.php | Строка: 12
=================
[2024-03-15 14:24:59] Текст ошибки:  | Файл: D:\543\OSPanel\domains\ishop\public\index.php | Строка: 12
=================
[2024-03-15 14:25:00] Текст ошибки:  | Файл: D:\543\OSPanel\domains\ishop\public\index.php | Строка: 12
=================
[2024-03-15 14:25:07] Текст ошибки: 404 | Файл: D:\543\OSPanel\domains\ishop\public\index.php | Строка: 12
=================
[2024-03-15 14:25:08] Текст ошибки: 404 | Файл: D:\543\OSPanel\domains\ishop\public\index.php | Строка: 12
=================
[2024-03-15 14:28:07] Текст ошибки: Возникла ошибочка! | Файл: D:\543\OSPanel\domains\ishop\public\index.php | Строка: 12
=================
[2024-03-15 14:28:08] Текст ошибки: Возникла ошибочка! | Файл: D:\543\OSPanel\domains\ishop\public\index.php | Строка: 12
=================
[2024-03-15 14:29:45] Текст ошибки: Возникла ошибочка! | Файл: D:\543\OSPanel\domains\ishop\public\index.php | Строка: 12
=================
[2024-03-15 14:29:46] Текст ошибки: Возникла ошибочка! | Файл: D:\543\OSPanel\domains\ishop\public\index.php | Строка: 12
=================
[2024-03-15 14:29:47] Текст ошибки: Возникла ошибочка! | Файл: D:\543\OSPanel\domains\ishop\public\index.php | Строка: 12
=================
[2024-03-15 14:29:48] Текст ошибки: Возникла ошибочка! | Файл: D:\543\OSPanel\domains\ishop\public\index.php | Строка: 12
=================
[2024-03-15 14:29:49] Текст ошибки: Возникла ошибочка! | Файл: D:\543\OSPanel\domains\ishop\public\index.php | Строка: 12
=================
[2024-03-15 14:30:59] Текст ошибки: Возникла ошибочка! | Файл: D:\543\OSPanel\domains\ishop\public\index.php | Строка: 12
=================
[2024-03-15 14:31:01] Текст ошибки: Возникла ошибочка! | Файл: D:\543\OSPanel\domains\ishop\public\index.php | Строка: 12
=================
